<?xml version="1.0" encoding="UTF-8"?><testsuite failures="0" name="cucumber.runtime.formatter.JUnitFormatter" skipped="0" tests="1" time="16.776547">
<testcase classname="Login Test" name="Log in Page" time="16.776547">
<system-out><![CDATA[Given I navigate to Login Page..............................................passed
When I click forgot password................................................passed
Then I check "Recover your password" page is displayed......................passed
When I Click Continue button................................................passed
Then I check an error "Email cannot be blank." should be displayed..........passed
When I go back previous Page................................................passed
And Click Didn't receive confirmation message" link.........................passed
Then I check "Request new confirmation message" page is displayed...........passed
And I Click Continue button - request confirmation page.....................passed
Then I check an error "Email cannot be blank." should be displayed - request confirmation page.passed
When I go back previous Page................................................passed
When I enters "G00003@100002.com" and "@Password123"........................passed
And I click Sign in button..................................................passed
Then I check "Select program" page is displayed.............................passed
And I Close the browser.....................................................passed
]]></system-out>
</testcase>
</testsuite>
